  [4;36;1mSQL (0.2ms)[0m   [0;1mSET NAMES 'utf8'[0m
  [4;35;1mSQL (0.1ms)[0m   [0mSET SQL_AUTO_IS_NULL=0[0m
  [4;36;1mSQL (0.4ms)[0m   [0;1mSHOW TABLES[0m
  [4;35;1mSQL (202.5ms)[0m   [0mCREATE TABLE `schema_migrations` (`version` varchar(255) NOT NULL) ENGINE=InnoDB[0m
  [4;36;1mSQL (1057.8ms)[0m   [0;1mCREATE UNIQUE INDEX `unique_schema_migrations` ON `schema_migrations` (`version`)[0m
  [4;35;1mSQL (0.5ms)[0m   [0mSHOW TABLES[0m
  [4;36;1mSQL (0.5ms)[0m   [0;1mSHOW TABLES[0m
  [4;35;1mSQL (0.4ms)[0m   [0mSELECT version FROM schema_migrations[0m
  [4;36;1mSQL (0.3ms)[0m   [0;1mSHOW TABLES[0m
  [4;36;1mSQL (0.2ms)[0m   [0;1mSET NAMES 'utf8'[0m
  [4;35;1mSQL (0.1ms)[0m   [0mSET SQL_AUTO_IS_NULL=0[0m
  [4;36;1mSQL (0.4ms)[0m   [0;1mSHOW TABLES[0m
  [4;35;1mSQL (0.1ms)[0m   [0mSELECT version FROM schema_migrations[0m
Migrating to CreateProducts (20100131165827)
  [4;36;1mSQL (86.8ms)[0m   [0;1mCREATE TABLE `products` (`id` int(11) DEFAULT NULL auto_increment PRIMARY KEY, `title` varchar(255), `description` text, `image_url` varchar(255), `created_at` datetime, `updated_at` datetime) ENGINE=InnoDB[0m
  [4;35;1mSQL (22.3ms)[0m   [0mINSERT INTO schema_migrations (version) VALUES ('20100131165827')[0m
  [4;36;1mSQL (0.6ms)[0m   [0;1mSHOW TABLES[0m
  [4;35;1mSQL (0.3ms)[0m   [0mSELECT version FROM schema_migrations[0m
  [4;36;1mSQL (0.3ms)[0m   [0;1mSHOW TABLES[0m
  [4;35;1mSQL (31.5ms)[0m   [0mSHOW FIELDS FROM `products`[0m
  [4;36;1mSQL (1.0ms)[0m   [0;1mdescribe `products`[0m
  [4;35;1mSQL (0.5ms)[0m   [0mSHOW KEYS FROM `products`[0m
  [4;36;1mSQL (0.2ms)[0m   [0;1mSET NAMES 'utf8'[0m
  [4;35;1mSQL (0.1ms)[0m   [0mSET SQL_AUTO_IS_NULL=0[0m


Processing ProductsController#index (for 127.0.0.1 at 2010-01-31 17:07:36) [GET]
  [4;36;1mProduct Load (0.8ms)[0m   [0;1mSELECT * FROM `products` [0m
Rendering template within layouts/products
Rendering products/index
Completed in 79ms (View: 68, DB: 1) | 200 OK [http://0.0.0.0/products]
  [4;35;1mSQL (0.2ms)[0m   [0mSET NAMES 'utf8'[0m
  [4;36;1mSQL (0.1ms)[0m   [0;1mSET SQL_AUTO_IS_NULL=0[0m


Processing ProductsController#new (for 127.0.0.1 at 2010-01-31 17:09:00) [GET]
  [4;35;1mProduct Columns (1.2ms)[0m   [0mSHOW FIELDS FROM `products`[0m
Rendering template within layouts/products
Rendering products/new
Completed in 35ms (View: 23, DB: 2) | 200 OK [http://0.0.0.0/products/new]
  [4;36;1mSQL (0.1ms)[0m   [0;1mSET NAMES 'utf8'[0m
  [4;35;1mSQL (0.1ms)[0m   [0mSET SQL_AUTO_IS_NULL=0[0m


Processing ProductsController#create (for 127.0.0.1 at 2010-01-31 17:11:46) [POST]
  Parameters: {"commit"=>"Create", "authenticity_token"=>"upaSYnWU26IBxKbV5wvXPj6JyWetykP4d+K2peXAGW0=", "product"=>{"image_url"=>"/images/svn.jpg", "title"=>"Pragmatic Version Control", "description"=>"<p>\r\nThis is a book on version control. Don't use subversion, you want to use GIT --- SVN is shit in comparison"}}
  [4;36;1mProduct Columns (1.3ms)[0m   [0;1mSHOW FIELDS FROM `products`[0m
  [4;35;1mSQL (0.2ms)[0m   [0mBEGIN[0m
  [4;36;1mProduct Create (8.8ms)[0m   [0;1mINSERT INTO `products` (`created_at`, `title`, `image_url`, `updated_at`, `description`) VALUES('2010-01-31 17:11:46', 'Pragmatic Version Control', '/images/svn.jpg', '2010-01-31 17:11:46', '<p>\r\nThis is a book on version control. Don\'t use subversion, you want to use GIT --- SVN is shit in comparison')[0m
  [4;35;1mSQL (43.3ms)[0m   [0mCOMMIT[0m
Redirected to http://0.0.0.0:3000/products/1
Completed in 72ms (DB: 54) | 302 Found [http://0.0.0.0/products]
  [4;36;1mSQL (0.1ms)[0m   [0;1mSET NAMES 'utf8'[0m
  [4;35;1mSQL (0.1ms)[0m   [0mSET SQL_AUTO_IS_NULL=0[0m


Processing ProductsController#show (for 127.0.0.1 at 2010-01-31 17:11:46) [GET]
  Parameters: {"id"=>"1"}
  [4;36;1mProduct Columns (1.3ms)[0m   [0;1mSHOW FIELDS FROM `products`[0m
  [4;35;1mProduct Load (54.3ms)[0m   [0mSELECT * FROM `products` WHERE (`products`.`id` = 1) [0m
Rendering template within layouts/products
Rendering products/show
Completed in 86ms (View: 20, DB: 56) | 200 OK [http://0.0.0.0/products/1]
  [4;36;1mSQL (0.1ms)[0m   [0;1mSET NAMES 'utf8'[0m
  [4;35;1mSQL (0.1ms)[0m   [0mSET SQL_AUTO_IS_NULL=0[0m


Processing ProductsController#index (for 127.0.0.1 at 2010-01-31 17:11:56) [GET]
  [4;36;1mProduct Load (0.5ms)[0m   [0;1mSELECT * FROM `products` [0m
Rendering template within layouts/products
Rendering products/index
  [4;35;1mProduct Columns (2.4ms)[0m   [0mSHOW FIELDS FROM `products`[0m
Completed in 25ms (View: 12, DB: 3) | 200 OK [http://0.0.0.0/products]
  [4;36;1mSQL (0.2ms)[0m   [0;1mSET NAMES 'utf8'[0m
  [4;35;1mSQL (0.1ms)[0m   [0mSET SQL_AUTO_IS_NULL=0[0m


Processing ProductsController#edit (for 127.0.0.1 at 2010-01-31 17:12:02) [GET]
  Parameters: {"id"=>"1"}
  [4;36;1mProduct Columns (2.3ms)[0m   [0;1mSHOW FIELDS FROM `products`[0m
  [4;35;1mProduct Load (0.2ms)[0m   [0mSELECT * FROM `products` WHERE (`products`.`id` = 1) [0m
Rendering template within layouts/products
Rendering products/edit
Completed in 133ms (View: 120, DB: 3) | 200 OK [http://0.0.0.0/products/1/edit]
  [4;36;1mSQL (0.1ms)[0m   [0;1mSET NAMES 'utf8'[0m
  [4;35;1mSQL (0.1ms)[0m   [0mSET SQL_AUTO_IS_NULL=0[0m


Processing ProductsController#update (for 127.0.0.1 at 2010-01-31 17:12:11) [PUT]
  Parameters: {"commit"=>"Update", "authenticity_token"=>"upaSYnWU26IBxKbV5wvXPj6JyWetykP4d+K2peXAGW0=", "id"=>"1", "product"=>{"image_url"=>"/images/svn.jpg", "title"=>"Pragmatic Version Control", "description"=>"<p>\r\nThis is a book on version control. Don't use subversion, you want to use GIT --- SVN is shit in comparison\r\n</p>"}}
  [4;36;1mProduct Columns (1.2ms)[0m   [0;1mSHOW FIELDS FROM `products`[0m
  [4;35;1mProduct Load (0.4ms)[0m   [0mSELECT * FROM `products` WHERE (`products`.`id` = 1) [0m
  [4;36;1mSQL (0.2ms)[0m   [0;1mBEGIN[0m
  [4;35;1mProduct Update (1.1ms)[0m   [0mUPDATE `products` SET `updated_at` = '2010-01-31 17:12:11', `description` = '<p>\r\nThis is a book on version control. Don\'t use subversion, you want to use GIT --- SVN is shit in comparison\r\n</p>' WHERE `id` = 1[0m
  [4;36;1mSQL (66.2ms)[0m   [0;1mCOMMIT[0m
Redirected to http://0.0.0.0:3000/products/1
Completed in 93ms (DB: 69) | 302 Found [http://0.0.0.0/products/1]
  [4;35;1mSQL (0.1ms)[0m   [0mSET NAMES 'utf8'[0m
  [4;36;1mSQL (0.1ms)[0m   [0;1mSET SQL_AUTO_IS_NULL=0[0m


Processing ProductsController#show (for 127.0.0.1 at 2010-01-31 17:12:11) [GET]
  Parameters: {"id"=>"1"}
  [4;35;1mProduct Columns (1.2ms)[0m   [0mSHOW FIELDS FROM `products`[0m
  [4;36;1mProduct Load (0.5ms)[0m   [0;1mSELECT * FROM `products` WHERE (`products`.`id` = 1) [0m
Rendering template within layouts/products
Rendering products/show
Completed in 19ms (View: 5, DB: 2) | 200 OK [http://0.0.0.0/products/1]
  [4;36;1mSQL (0.1ms)[0m   [0;1mSET NAMES 'utf8'[0m
  [4;35;1mSQL (0.1ms)[0m   [0mSET SQL_AUTO_IS_NULL=0[0m
  [4;36;1mSQL (0.5ms)[0m   [0;1mSHOW TABLES[0m
  [4;35;1mSQL (0.1ms)[0m   [0mSELECT version FROM schema_migrations[0m
Migrating to CreateProducts (20100131165827)
Migrating to AddPriceToProduct (20100131171341)
  [4;36;1mSQL (0.2ms)[0m   [0;1mSET NAMES 'utf8'[0m
  [4;35;1mSQL (0.1ms)[0m   [0mSET SQL_AUTO_IS_NULL=0[0m
  [4;36;1mSQL (0.5ms)[0m   [0;1mSHOW TABLES[0m
  [4;35;1mSQL (0.1ms)[0m   [0mSELECT version FROM schema_migrations[0m
Migrating to CreateProducts (20100131165827)
Migrating to AddPriceToProduct (20100131171341)
  [4;36;1mSQL (210.6ms)[0m   [0;1mALTER TABLE `products` ADD `price` decimal(8,2) DEFAULT 0[0m
  [4;35;1mSQL (33.0ms)[0m   [0mINSERT INTO schema_migrations (version) VALUES ('20100131171341')[0m
  [4;36;1mSQL (0.5ms)[0m   [0;1mSHOW TABLES[0m
  [4;35;1mSQL (0.3ms)[0m   [0mSELECT version FROM schema_migrations[0m
  [4;36;1mSQL (1.1ms)[0m   [0;1mSHOW TABLES[0m
  [4;35;1mSQL (1.2ms)[0m   [0mSHOW FIELDS FROM `products`[0m
  [4;36;1mSQL (1.1ms)[0m   [0;1mdescribe `products`[0m
  [4;35;1mSQL (0.5ms)[0m   [0mSHOW KEYS FROM `products`[0m
  [4;35;1mSQL (0.1ms)[0m   [0mSET NAMES 'utf8'[0m
  [4;36;1mSQL (0.1ms)[0m   [0;1mSET SQL_AUTO_IS_NULL=0[0m


Processing ProductsController#show (for 127.0.0.1 at 2010-01-31 17:30:42) [GET]
  Parameters: {"id"=>"1"}
  [4;35;1mProduct Columns (1.3ms)[0m   [0mSHOW FIELDS FROM `products`[0m
  [4;36;1mProduct Load (1.4ms)[0m   [0;1mSELECT * FROM `products` WHERE (`products`.`id` = 1) [0m
Rendering template within layouts/products
Rendering products/show
Completed in 29ms (View: 14, DB: 3) | 200 OK [http://0.0.0.0/products/1]
  [4;35;1mSQL (0.1ms)[0m   [0mSET NAMES 'utf8'[0m
  [4;36;1mSQL (0.1ms)[0m   [0;1mSET SQL_AUTO_IS_NULL=0[0m


Processing ProductsController#show (for 127.0.0.1 at 2010-01-31 17:34:06) [GET]
  Parameters: {"id"=>"1"}
  [4;35;1mProduct Columns (1.2ms)[0m   [0mSHOW FIELDS FROM `products`[0m
  [4;36;1mProduct Load (0.2ms)[0m   [0;1mSELECT * FROM `products` WHERE (`products`.`id` = 1) [0m
Rendering template within layouts/products
Rendering products/show
Completed in 24ms (View: 13, DB: 2) | 200 OK [http://0.0.0.0/products/1]
  [4;35;1mSQL (0.2ms)[0m   [0mSET NAMES 'utf8'[0m
  [4;36;1mSQL (0.1ms)[0m   [0;1mSET SQL_AUTO_IS_NULL=0[0m


Processing ProductsController#index (for 127.0.0.1 at 2010-01-31 17:39:30) [GET]
  [4;35;1mProduct Load (1.0ms)[0m   [0mSELECT * FROM `products` [0m
Rendering template within layouts/products
Rendering products/index
  [4;36;1mProduct Columns (1.3ms)[0m   [0;1mSHOW FIELDS FROM `products`[0m
Completed in 35ms (View: 22, DB: 3) | 200 OK [http://0.0.0.0/products]
  [4;35;1mSQL (0.2ms)[0m   [0mSET NAMES 'utf8'[0m
  [4;36;1mSQL (0.1ms)[0m   [0;1mSET SQL_AUTO_IS_NULL=0[0m


Processing ProductsController#new (for 127.0.0.1 at 2010-01-31 17:39:31) [GET]
  [4;35;1mProduct Columns (1.3ms)[0m   [0mSHOW FIELDS FROM `products`[0m
Rendering template within layouts/products
Rendering products/new
Completed in 33ms (View: 20, DB: 2) | 200 OK [http://0.0.0.0/products/new]
  [4;36;1mSQL (0.1ms)[0m   [0;1mSET NAMES 'utf8'[0m
  [4;35;1mSQL (0.1ms)[0m   [0mSET SQL_AUTO_IS_NULL=0[0m


Processing ProductsController#create (for 127.0.0.1 at 2010-01-31 17:39:35) [POST]
  Parameters: {"commit"=>"Create", "authenticity_token"=>"upaSYnWU26IBxKbV5wvXPj6JyWetykP4d+K2peXAGW0=", "product"=>{"price"=>"0.0", "image_url"=>"", "title"=>"", "description"=>""}}
  [4;36;1mProduct Columns (2.0ms)[0m   [0;1mSHOW FIELDS FROM `products`[0m
  [4;35;1mSQL (0.2ms)[0m   [0mBEGIN[0m
  [4;36;1mSQL (3.6ms)[0m   [0;1mROLLBACK[0m
Rendering template within layouts/products
Rendering products/new
Completed in 161ms (View: 140, DB: 6) | 200 OK [http://0.0.0.0/products]
  [4;35;1mSQL (0.1ms)[0m   [0mSET NAMES 'utf8'[0m
  [4;36;1mSQL (0.1ms)[0m   [0;1mSET SQL_AUTO_IS_NULL=0[0m


Processing ProductsController#new (for 127.0.0.1 at 2010-01-31 17:40:35) [GET]
  [4;35;1mProduct Columns (1.3ms)[0m   [0mSHOW FIELDS FROM `products`[0m
Rendering template within layouts/products
Rendering products/new
Completed in 26ms (View: 11, DB: 1) | 200 OK [http://0.0.0.0/products/new]
  [4;36;1mSQL (0.1ms)[0m   [0;1mSET NAMES 'utf8'[0m
  [4;35;1mSQL (0.1ms)[0m   [0mSET SQL_AUTO_IS_NULL=0[0m


Processing ProductsController#create (for 127.0.0.1 at 2010-01-31 17:40:43) [POST]
  Parameters: {"commit"=>"Create", "authenticity_token"=>"upaSYnWU26IBxKbV5wvXPj6JyWetykP4d+K2peXAGW0=", "product"=>{"price"=>"wank", "image_url"=>"", "title"=>"", "description"=>""}}
  [4;36;1mProduct Columns (1.3ms)[0m   [0;1mSHOW FIELDS FROM `products`[0m
  [4;35;1mSQL (1.0ms)[0m   [0mBEGIN[0m
  [4;36;1mSQL (0.2ms)[0m   [0;1mROLLBACK[0m
Rendering template within layouts/products
Rendering products/new
Completed in 54ms (View: 36, DB: 3) | 200 OK [http://0.0.0.0/products]
  [4;35;1mSQL (0.1ms)[0m   [0mSET NAMES 'utf8'[0m
  [4;36;1mSQL (0.1ms)[0m   [0;1mSET SQL_AUTO_IS_NULL=0[0m


Processing ProductsController#new (for 127.0.0.1 at 2010-01-31 17:45:36) [GET]
  [4;35;1mProduct Columns (1.3ms)[0m   [0mSHOW FIELDS FROM `products`[0m
Rendering template within layouts/products
Rendering products/new
Completed in 22ms (View: 11, DB: 2) | 200 OK [http://0.0.0.0/products/new]
  [4;36;1mSQL (0.2ms)[0m   [0;1mSET NAMES 'utf8'[0m
  [4;35;1mSQL (0.1ms)[0m   [0mSET SQL_AUTO_IS_NULL=0[0m


Processing ProductsController#create (for 127.0.0.1 at 2010-01-31 17:45:40) [POST]
  Parameters: {"commit"=>"Create", "authenticity_token"=>"upaSYnWU26IBxKbV5wvXPj6JyWetykP4d+K2peXAGW0=", "product"=>{"price"=>"", "image_url"=>"", "title"=>"", "description"=>""}}
  [4;36;1mProduct Columns (1.6ms)[0m   [0;1mSHOW FIELDS FROM `products`[0m
  [4;35;1mSQL (0.2ms)[0m   [0mBEGIN[0m
  [4;36;1mSQL (0.9ms)[0m   [0;1mROLLBACK[0m
Rendering template within layouts/products
Rendering products/new
Completed in 53ms (View: 33, DB: 3) | 200 OK [http://0.0.0.0/products]
  [4;35;1mSQL (0.2ms)[0m   [0mSET NAMES 'utf8'[0m
  [4;36;1mSQL (0.1ms)[0m   [0;1mSET SQL_AUTO_IS_NULL=0[0m


Processing ProductsController#create (for 127.0.0.1 at 2010-01-31 17:45:53) [POST]
  Parameters: {"commit"=>"Create", "authenticity_token"=>"upaSYnWU26IBxKbV5wvXPj6JyWetykP4d+K2peXAGW0=", "product"=>{"price"=>"", "image_url"=>"0.001", "title"=>"", "description"=>""}}
  [4;35;1mProduct Columns (2.1ms)[0m   [0mSHOW FIELDS FROM `products`[0m
  [4;36;1mSQL (1.5ms)[0m   [0;1mBEGIN[0m
  [4;35;1mSQL (1.1ms)[0m   [0mROLLBACK[0m
Rendering template within layouts/products
Rendering products/new
Completed in 51ms (View: 30, DB: 5) | 200 OK [http://0.0.0.0/products]
  [4;36;1mSQL (0.1ms)[0m   [0;1mSET NAMES 'utf8'[0m
  [4;35;1mSQL (0.1ms)[0m   [0mSET SQL_AUTO_IS_NULL=0[0m


Processing ProductsController#create (for 127.0.0.1 at 2010-01-31 17:46:08) [POST]
  Parameters: {"commit"=>"Create", "authenticity_token"=>"upaSYnWU26IBxKbV5wvXPj6JyWetykP4d+K2peXAGW0=", "product"=>{"price"=>"0.001", "image_url"=>"C", "title"=>"A", "description"=>"B"}}
  [4;36;1mProduct Columns (1.3ms)[0m   [0;1mSHOW FIELDS FROM `products`[0m
  [4;35;1mSQL (0.2ms)[0m   [0mBEGIN[0m
  [4;36;1mSQL (0.1ms)[0m   [0;1mROLLBACK[0m
Rendering template within layouts/products
Rendering products/new
Completed in 34ms (View: 14, DB: 2) | 200 OK [http://0.0.0.0/products]
  [4;35;1mSQL (0.3ms)[0m   [0mSET NAMES 'utf8'[0m
  [4;36;1mSQL (0.2ms)[0m   [0;1mSET SQL_AUTO_IS_NULL=0[0m


Processing ProductsController#create (for 127.0.0.1 at 2010-01-31 17:46:19) [POST]
  Parameters: {"commit"=>"Create", "authenticity_token"=>"upaSYnWU26IBxKbV5wvXPj6JyWetykP4d+K2peXAGW0=", "product"=>{"price"=>"nil", "image_url"=>"C", "title"=>"A", "description"=>"B"}}
  [4;35;1mProduct Columns (1.2ms)[0m   [0mSHOW FIELDS FROM `products`[0m
  [4;36;1mSQL (0.2ms)[0m   [0;1mBEGIN[0m
  [4;35;1mSQL (0.1ms)[0m   [0mROLLBACK[0m
Rendering template within layouts/products
Rendering products/new
Completed in 40ms (View: 22, DB: 2) | 200 OK [http://0.0.0.0/products]
  [4;36;1mSQL (0.2ms)[0m   [0;1mSET NAMES 'utf8'[0m
  [4;35;1mSQL (0.1ms)[0m   [0mSET SQL_AUTO_IS_NULL=0[0m


Processing ProductsController#create (for 127.0.0.1 at 2010-01-31 17:46:32) [POST]
  Parameters: {"commit"=>"Create", "authenticity_token"=>"upaSYnWU26IBxKbV5wvXPj6JyWetykP4d+K2peXAGW0=", "product"=>{"price"=>"", "image_url"=>"C", "title"=>"A", "description"=>"B"}}
  [4;36;1mProduct Columns (1.8ms)[0m   [0;1mSHOW FIELDS FROM `products`[0m
  [4;35;1mSQL (0.2ms)[0m   [0mBEGIN[0m
  [4;36;1mSQL (1.4ms)[0m   [0;1mROLLBACK[0m
Rendering template within layouts/products
Rendering products/new
Completed in 42ms (View: 20, DB: 4) | 200 OK [http://0.0.0.0/products]
  [4;35;1mSQL (0.1ms)[0m   [0mSET NAMES 'utf8'[0m
  [4;36;1mSQL (0.1ms)[0m   [0;1mSET SQL_AUTO_IS_NULL=0[0m


Processing ProductsController#index (for 127.0.0.1 at 2010-01-31 17:46:38) [GET]
  [4;35;1mProduct Load (2.9ms)[0m   [0mSELECT * FROM `products` [0m
Rendering template within layouts/products
Rendering products/index
  [4;36;1mProduct Columns (1.4ms)[0m   [0;1mSHOW FIELDS FROM `products`[0m
Completed in 29ms (View: 13, DB: 4) | 200 OK [http://0.0.0.0/products/]
  [4;35;1mSQL (0.1ms)[0m   [0mSET NAMES 'utf8'[0m
  [4;36;1mSQL (0.1ms)[0m   [0;1mSET SQL_AUTO_IS_NULL=0[0m


Processing ProductsController#new (for 127.0.0.1 at 2010-01-31 18:06:54) [GET]
  [4;35;1mProduct Columns (2.8ms)[0m   [0mSHOW FIELDS FROM `products`[0m
Rendering template within layouts/products
Rendering products/new
Completed in 25ms (View: 12, DB: 3) | 200 OK [http://0.0.0.0/products/new]
  [4;36;1mSQL (0.2ms)[0m   [0;1mSET NAMES 'utf8'[0m
  [4;35;1mSQL (0.1ms)[0m   [0mSET SQL_AUTO_IS_NULL=0[0m


Processing ProductsController#create (for 127.0.0.1 at 2010-01-31 18:07:35) [POST]
  Parameters: {"commit"=>"Create", "authenticity_token"=>"upaSYnWU26IBxKbV5wvXPj6JyWetykP4d+K2peXAGW0=", "product"=>{"price"=>"20.02", "image_url"=>"/images/svn2.jpg", "title"=>"Second Product", "description"=>"<p>\r\nLa de da de dum he har\r\n</p>"}}
  [4;36;1mProduct Columns (1.3ms)[0m   [0;1mSHOW FIELDS FROM `products`[0m
  [4;35;1mSQL (0.1ms)[0m   [0mBEGIN[0m
  [4;36;1mProduct Load (44.3ms)[0m   [0;1mSELECT `products`.id FROM `products` WHERE (`products`.`title` = BINARY 'Second Product') LIMIT 1[0m
  [4;35;1mProduct Create (0.4ms)[0m   [0mINSERT INTO `products` (`price`, `created_at`, `title`, `image_url`, `updated_at`, `description`) VALUES(20.02, '2010-01-31 18:07:35', 'Second Product', '/images/svn2.jpg', '2010-01-31 18:07:35', '<p>\r\nLa de da de dum he har\r\n</p>')[0m
  [4;36;1mSQL (34.8ms)[0m   [0;1mCOMMIT[0m
Redirected to http://0.0.0.0:3000/products/2
Completed in 103ms (DB: 81) | 302 Found [http://0.0.0.0/products]
  [4;35;1mSQL (0.1ms)[0m   [0mSET NAMES 'utf8'[0m
  [4;36;1mSQL (0.1ms)[0m   [0;1mSET SQL_AUTO_IS_NULL=0[0m


Processing ProductsController#show (for 127.0.0.1 at 2010-01-31 18:07:35) [GET]
  Parameters: {"id"=>"2"}
  [4;35;1mProduct Columns (1.3ms)[0m   [0mSHOW FIELDS FROM `products`[0m
  [4;36;1mProduct Load (0.5ms)[0m   [0;1mSELECT * FROM `products` WHERE (`products`.`id` = 2) [0m
Rendering template within layouts/products
Rendering products/show
Completed in 20ms (View: 6, DB: 2) | 200 OK [http://0.0.0.0/products/2]
  [4;35;1mSQL (0.2ms)[0m   [0mSET NAMES 'utf8'[0m
  [4;36;1mSQL (0.2ms)[0m   [0;1mSET SQL_AUTO_IS_NULL=0[0m


Processing ProductsController#index (for 127.0.0.1 at 2010-01-31 18:07:39) [GET]
  [4;35;1mProduct Load (0.5ms)[0m   [0mSELECT * FROM `products` [0m
Rendering template within layouts/products
Rendering products/index
  [4;36;1mProduct Columns (1.2ms)[0m   [0;1mSHOW FIELDS FROM `products`[0m
Completed in 34ms (View: 19, DB: 2) | 200 OK [http://0.0.0.0/products]
  [4;35;1mSQL (0.1ms)[0m   [0mSET NAMES 'utf8'[0m
  [4;36;1mSQL (0.1ms)[0m   [0;1mSET SQL_AUTO_IS_NULL=0[0m


Processing ProductsController#new (for 127.0.0.1 at 2010-01-31 18:07:42) [GET]
  [4;35;1mProduct Columns (1.3ms)[0m   [0mSHOW FIELDS FROM `products`[0m
Rendering template within layouts/products
Rendering products/new
Completed in 28ms (View: 13, DB: 2) | 200 OK [http://0.0.0.0/products/new]
  [4;36;1mSQL (0.1ms)[0m   [0;1mSET NAMES 'utf8'[0m
  [4;35;1mSQL (0.1ms)[0m   [0mSET SQL_AUTO_IS_NULL=0[0m


Processing ProductsController#create (for 127.0.0.1 at 2010-01-31 18:07:45) [POST]
  Parameters: {"commit"=>"Create", "authenticity_token"=>"upaSYnWU26IBxKbV5wvXPj6JyWetykP4d+K2peXAGW0=", "product"=>{"price"=>"0.0", "image_url"=>"", "title"=>"", "description"=>""}}
  [4;36;1mProduct Columns (1.3ms)[0m   [0;1mSHOW FIELDS FROM `products`[0m
  [4;35;1mSQL (0.2ms)[0m   [0mBEGIN[0m
  [4;36;1mProduct Load (1.9ms)[0m   [0;1mSELECT `products`.id FROM `products` WHERE (`products`.`title` = BINARY '') LIMIT 1[0m
  [4;35;1mSQL (0.2ms)[0m   [0mROLLBACK[0m
Rendering template within layouts/products
Rendering products/new
Completed in 60ms (View: 35, DB: 4) | 200 OK [http://0.0.0.0/products]
  [4;36;1mSQL (0.2ms)[0m   [0;1mSET NAMES 'utf8'[0m
  [4;35;1mSQL (0.1ms)[0m   [0mSET SQL_AUTO_IS_NULL=0[0m
  [4;36;1mSQL (0.5ms)[0m   [0;1mSHOW TABLES[0m
  [4;35;1mSQL (0.1ms)[0m   [0mSELECT version FROM schema_migrations[0m
Migrating to CreateProducts (20100131165827)
Migrating to AddPriceToProduct (20100131171341)
Migrating to AddTestData (20100131181154)
  [4;36;1mProduct Delete all (80.1ms)[0m   [0;1mDELETE FROM `products` [0m
  [4;35;1mProduct Columns (1.2ms)[0m   [0mSHOW FIELDS FROM `products`[0m
  [4;36;1mSQL (0.2ms)[0m   [0;1mBEGIN[0m
  [4;35;1mProduct Load (0.8ms)[0m   [0mSELECT `products`.id FROM `products` WHERE (`products`.`title` = BINARY 'Pragmatic Project Automation') LIMIT 1[0m
  [4;36;1mProduct Create (0.4ms)[0m   [0;1mINSERT INTO `products` (`price`, `created_at`, `title`, `image_url`, `updated_at`, `description`) VALUES(29.95, '2010-01-31 18:17:33', 'Pragmatic Project Automation', '/images/auto.jpg', '2010-01-31 18:17:33', '<p>\n <em>Pragmatic Project Automation</em> shows you how to improve the \n consistency and repeatability of your project\'s procedures using \n automation to reduce risk and errors.\n </p>\n <p>\n Simply put, we\'re going to put this thing called a computer to work \n for you doing the mundane (but important) project stuff. That means \n you\'ll have more time and energy to do the really \n exciting---and difficult---stuff, like writing quality code.\n </p>')[0m
  [4;35;1mSQL (45.5ms)[0m   [0mCOMMIT[0m
  [4;36;1mSQL (0.1ms)[0m   [0;1mBEGIN[0m
  [4;35;1mProduct Load (0.5ms)[0m   [0mSELECT `products`.id FROM `products` WHERE (`products`.`title` = BINARY 'Pragmatic Version Control') LIMIT 1[0m
  [4;36;1mProduct Create (0.4ms)[0m   [0;1mINSERT INTO `products` (`price`, `created_at`, `title`, `image_url`, `updated_at`, `description`) VALUES(28.5, '2010-01-31 18:17:33', 'Pragmatic Version Control', '/images/svn.jpg', '2010-01-31 18:17:33', '<p>\n This book is a recipe-based approach to using Subversion that will \n get you up and running quickly---and correctly. All projects need\n version control: it\'s a foundational piece of any project\'s \n infrastructure. Yet half of all project teams in the U.S. don\'t use\n any version control at all. Many others don\'t use it well, and end \n up experiencing time-consuming problems.\n </p>')[0m
  [4;35;1mSQL (48.7ms)[0m   [0mCOMMIT[0m
  [4;36;1mSQL (0.1ms)[0m   [0;1mBEGIN[0m
  [4;35;1mProduct Load (0.5ms)[0m   [0mSELECT `products`.id FROM `products` WHERE (`products`.`title` = BINARY 'Pragmatic Unit Testing (C#)') LIMIT 1[0m
  [4;36;1mProduct Create (0.4ms)[0m   [0;1mINSERT INTO `products` (`price`, `created_at`, `title`, `image_url`, `updated_at`, `description`) VALUES(27.75, '2010-01-31 18:17:33', 'Pragmatic Unit Testing (C#)', '/images/utc.jpg', '2010-01-31 18:17:33', '<p>\n Pragmatic programmers use feedback to drive their development and \n personal processes. The most valuable feedback you can get while \n coding comes from unit testing.\n </p>\n <p>\n Without good tests in place, coding can become a frustrating game of \n \"whack-a-mole.\" That\'s the carnival game where the player strikes at a \n mechanical mole; it retreats and another mole pops up on the opposite side \n of the field. The moles pop up and down so fast that you end up flailing \n your mallet helplessly as the moles continue to pop up where you least \n expect them.\n </p>')[0m
  [4;35;1mSQL (49.4ms)[0m   [0mCOMMIT[0m
  [4;36;1mSQL (22.4ms)[0m   [0;1mINSERT INTO schema_migrations (version) VALUES ('20100131181154')[0m
  [4;35;1mSQL (0.7ms)[0m   [0mSHOW TABLES[0m
  [4;36;1mSQL (0.4ms)[0m   [0;1mSELECT version FROM schema_migrations[0m
  [4;35;1mSQL (0.6ms)[0m   [0mSHOW TABLES[0m
  [4;36;1mSQL (1.5ms)[0m   [0;1mSHOW FIELDS FROM `products`[0m
  [4;35;1mSQL (1.1ms)[0m   [0mdescribe `products`[0m
  [4;36;1mSQL (0.5ms)[0m   [0;1mSHOW KEYS FROM `products`[0m
  [4;36;1mSQL (0.2ms)[0m   [0;1mSET NAMES 'utf8'[0m
  [4;35;1mSQL (0.1ms)[0m   [0mSET SQL_AUTO_IS_NULL=0[0m


Processing ProductsController#index (for 127.0.0.1 at 2010-01-31 18:25:15) [GET]
  [4;36;1mProduct Load (0.6ms)[0m   [0;1mSELECT * FROM `products` [0m
Rendering template within layouts/products
Rendering products/index
  [4;35;1mProduct Columns (1.3ms)[0m   [0mSHOW FIELDS FROM `products`[0m
Completed in 63ms (View: 47, DB: 2) | 200 OK [http://0.0.0.0/products]
  [4;36;1mSQL (0.1ms)[0m   [0;1mSET NAMES 'utf8'[0m
  [4;35;1mSQL (0.1ms)[0m   [0mSET SQL_AUTO_IS_NULL=0[0m


Processing ProductsController#new (for 127.0.0.1 at 2010-01-31 18:39:28) [GET]
  [4;36;1mProduct Columns (1.4ms)[0m   [0;1mSHOW FIELDS FROM `products`[0m
Rendering template within layouts/products
Rendering products/new
Completed in 28ms (View: 14, DB: 2) | 200 OK [http://0.0.0.0/products/new]
  [4;35;1mSQL (0.2ms)[0m   [0mSET NAMES 'utf8'[0m
  [4;36;1mSQL (0.1ms)[0m   [0;1mSET SQL_AUTO_IS_NULL=0[0m


Processing ProductsController#create (for 127.0.0.1 at 2010-01-31 18:39:34) [POST]
  Parameters: {"commit"=>"Create", "authenticity_token"=>"upaSYnWU26IBxKbV5wvXPj6JyWetykP4d+K2peXAGW0=", "product"=>{"price"=>"0.0", "image_url"=>"", "title"=>"123456789", "description"=>""}}
  [4;35;1mProduct Columns (1.5ms)[0m   [0mSHOW FIELDS FROM `products`[0m
  [4;36;1mSQL (0.2ms)[0m   [0;1mBEGIN[0m
  [4;35;1mProduct Load (0.5ms)[0m   [0mSELECT `products`.id FROM `products` WHERE (`products`.`title` = BINARY '123456789') LIMIT 1[0m
  [4;36;1mSQL (0.4ms)[0m   [0;1mROLLBACK[0m
Rendering template within layouts/products
Rendering products/new
Completed in 161ms (View: 38, DB: 3) | 200 OK [http://0.0.0.0/products]
  [4;35;1mSQL (0.1ms)[0m   [0mSET NAMES 'utf8'[0m
  [4;36;1mSQL (0.1ms)[0m   [0;1mSET SQL_AUTO_IS_NULL=0[0m


Processing ProductsController#index (for 127.0.0.1 at 2010-01-31 18:41:18) [GET]
  [4;35;1mProduct Load (0.2ms)[0m   [0mSELECT * FROM `products` [0m
Rendering template within layouts/products
Rendering products/index
  [4;36;1mProduct Columns (2.4ms)[0m   [0;1mSHOW FIELDS FROM `products`[0m
Completed in 47ms (View: 33, DB: 3) | 200 OK [http://0.0.0.0/products]
  [4;35;1mSQL (0.6ms)[0m   [0mSET NAMES 'utf8'[0m
  [4;36;1mSQL (0.1ms)[0m   [0;1mSET SQL_AUTO_IS_NULL=0[0m


Processing ProductsController#new (for 127.0.0.1 at 2010-01-31 18:41:21) [GET]
  [4;35;1mProduct Columns (1.4ms)[0m   [0mSHOW FIELDS FROM `products`[0m
Rendering template within layouts/products
Rendering products/new
Completed in 28ms (View: 14, DB: 2) | 200 OK [http://0.0.0.0/products/new]
  [4;36;1mSQL (0.2ms)[0m   [0;1mSET NAMES 'utf8'[0m
  [4;35;1mSQL (0.1ms)[0m   [0mSET SQL_AUTO_IS_NULL=0[0m


Processing ProductsController#create (for 127.0.0.1 at 2010-01-31 18:41:24) [POST]
  Parameters: {"commit"=>"Create", "authenticity_token"=>"upaSYnWU26IBxKbV5wvXPj6JyWetykP4d+K2peXAGW0=", "product"=>{"price"=>"0.0", "image_url"=>"", "title"=>"123", "description"=>""}}
  [4;36;1mProduct Columns (3.4ms)[0m   [0;1mSHOW FIELDS FROM `products`[0m
  [4;35;1mSQL (0.2ms)[0m   [0mBEGIN[0m
  [4;36;1mProduct Load (1.4ms)[0m   [0;1mSELECT `products`.id FROM `products` WHERE (`products`.`title` = BINARY '123') LIMIT 1[0m
  [4;35;1mSQL (1.0ms)[0m   [0mROLLBACK[0m
Rendering template within layouts/products
Rendering products/new
Completed in 62ms (View: 37, DB: 6) | 200 OK [http://0.0.0.0/products]
  [4;36;1mSQL (0.3ms)[0m   [0;1mSET NAMES 'utf8'[0m
  [4;35;1mSQL (0.4ms)[0m   [0mSET SQL_AUTO_IS_NULL=0[0m


Processing ProductsController#show (for 127.0.0.1 at 2010-01-31 18:42:14) [GET]
  Parameters: {"id"=>"3"}
  [4;36;1mProduct Columns (1.3ms)[0m   [0;1mSHOW FIELDS FROM `products`[0m
  [4;35;1mProduct Load (0.5ms)[0m   [0mSELECT * FROM `products` WHERE (`products`.`id` = 3) [0m
Rendering template within layouts/products
Rendering products/show
Completed in 19ms (View: 5, DB: 3) | 200 OK [http://0.0.0.0/products/3]
  [4;36;1mSQL (0.1ms)[0m   [0;1mSET NAMES 'utf8'[0m
  [4;35;1mSQL (0.1ms)[0m   [0mSET SQL_AUTO_IS_NULL=0[0m


Processing ProductsController#edit (for 127.0.0.1 at 2010-01-31 18:42:23) [GET]
  Parameters: {"id"=>"3"}
  [4;36;1mProduct Columns (2.3ms)[0m   [0;1mSHOW FIELDS FROM `products`[0m
  [4;35;1mProduct Load (1.1ms)[0m   [0mSELECT * FROM `products` WHERE (`products`.`id` = 3) [0m
Rendering template within layouts/products
Rendering products/edit
Completed in 140ms (View: 122, DB: 4) | 200 OK [http://0.0.0.0/products/3/edit]
  [4;36;1mSQL (0.1ms)[0m   [0;1mSET NAMES 'utf8'[0m
  [4;35;1mSQL (0.1ms)[0m   [0mSET SQL_AUTO_IS_NULL=0[0m


Processing ApplicationController#index (for 127.0.0.1 at 2010-01-31 18:56:39) [GET]

ActionController::RoutingError (No route matches "/store" with {:method=>:get}):
  /usr/lib/ruby/1.8/webrick/httpserver.rb:104:in `service'
  /usr/lib/ruby/1.8/webrick/httpserver.rb:65:in `run'
  /usr/lib/ruby/1.8/webrick/server.rb:173:in `start_thread'
  /usr/lib/ruby/1.8/webrick/server.rb:162:in `start'
  /usr/lib/ruby/1.8/webrick/server.rb:162:in `start_thread'
  /usr/lib/ruby/1.8/webrick/server.rb:95:in `start'
  /usr/lib/ruby/1.8/webrick/server.rb:92:in `each'
  /usr/lib/ruby/1.8/webrick/server.rb:92:in `start'
  /usr/lib/ruby/1.8/webrick/server.rb:23:in `start'
  /usr/lib/ruby/1.8/webrick/server.rb:82:in `start'

Rendering rescues/layout (not_found)
  [4;36;1mSQL (0.1ms)[0m   [0;1mSET NAMES 'utf8'[0m
  [4;35;1mSQL (0.1ms)[0m   [0mSET SQL_AUTO_IS_NULL=0[0m


Processing ApplicationController#index (for 127.0.0.1 at 2010-01-31 18:56:41) [GET]

ActionController::RoutingError (No route matches "/stores" with {:method=>:get}):
  /usr/lib/ruby/1.8/webrick/httpserver.rb:104:in `service'
  /usr/lib/ruby/1.8/webrick/httpserver.rb:65:in `run'
  /usr/lib/ruby/1.8/webrick/server.rb:173:in `start_thread'
  /usr/lib/ruby/1.8/webrick/server.rb:162:in `start'
  /usr/lib/ruby/1.8/webrick/server.rb:162:in `start_thread'
  /usr/lib/ruby/1.8/webrick/server.rb:95:in `start'
  /usr/lib/ruby/1.8/webrick/server.rb:92:in `each'
  /usr/lib/ruby/1.8/webrick/server.rb:92:in `start'
  /usr/lib/ruby/1.8/webrick/server.rb:23:in `start'
  /usr/lib/ruby/1.8/webrick/server.rb:82:in `start'

Rendering rescues/layout (not_found)
  [4;36;1mSQL (0.1ms)[0m   [0;1mSET NAMES 'utf8'[0m
  [4;35;1mSQL (0.1ms)[0m   [0mSET SQL_AUTO_IS_NULL=0[0m


Processing ApplicationController#index (for 127.0.0.1 at 2010-01-31 18:57:09) [GET]

ActionController::RoutingError (No route matches "/store" with {:method=>:get}):
  /usr/lib/ruby/1.8/webrick/httpserver.rb:104:in `service'
  /usr/lib/ruby/1.8/webrick/httpserver.rb:65:in `run'
  /usr/lib/ruby/1.8/webrick/server.rb:173:in `start_thread'
  /usr/lib/ruby/1.8/webrick/server.rb:162:in `start'
  /usr/lib/ruby/1.8/webrick/server.rb:162:in `start_thread'
  /usr/lib/ruby/1.8/webrick/server.rb:95:in `start'
  /usr/lib/ruby/1.8/webrick/server.rb:92:in `each'
  /usr/lib/ruby/1.8/webrick/server.rb:92:in `start'
  /usr/lib/ruby/1.8/webrick/server.rb:23:in `start'
  /usr/lib/ruby/1.8/webrick/server.rb:82:in `start'

Rendering rescues/layout (not_found)
  [4;36;1mSQL (0.2ms)[0m   [0;1mSET NAMES 'utf8'[0m
  [4;35;1mSQL (0.1ms)[0m   [0mSET SQL_AUTO_IS_NULL=0[0m


Processing StoreController#index (for 127.0.0.1 at 2010-01-31 18:58:08) [GET]
Rendering store/index
Completed in 18ms (View: 14, DB: 0) | 200 OK [http://0.0.0.0/store]
  [4;36;1mSQL (0.1ms)[0m   [0;1mSET NAMES 'utf8'[0m
  [4;35;1mSQL (0.1ms)[0m   [0mSET SQL_AUTO_IS_NULL=0[0m


Processing StoreController#index (for 127.0.0.1 at 2010-01-31 19:12:53) [GET]
  [4;36;1mProduct Load (2.5ms)[0m   [0;1mSELECT * FROM `products` ORDER BY title[0m
Rendering store/index
  [4;35;1mProduct Columns (1.3ms)[0m   [0mSHOW FIELDS FROM `products`[0m
Completed in 54ms (View: 40, DB: 4) | 200 OK [http://0.0.0.0/store]
  [4;36;1mSQL (0.1ms)[0m   [0;1mSET NAMES 'utf8'[0m
  [4;35;1mSQL (0.1ms)[0m   [0mSET SQL_AUTO_IS_NULL=0[0m


Processing StoreController#index (for 127.0.0.1 at 2010-01-31 20:36:11) [GET]
  [4;36;1mProduct Load (0.2ms)[0m   [0;1mSELECT * FROM `products` ORDER BY title[0m
Rendering template within layouts/store
Rendering store/index
  [4;35;1mProduct Columns (2.1ms)[0m   [0mSHOW FIELDS FROM `products`[0m
Completed in 35ms (View: 20, DB: 3) | 200 OK [http://0.0.0.0/store]
  [4;36;1mSQL (0.1ms)[0m   [0;1mSET NAMES 'utf8'[0m
  [4;35;1mSQL (0.1ms)[0m   [0mSET SQL_AUTO_IS_NULL=0[0m


Processing StoreController#index (for 127.0.0.1 at 2010-01-31 20:43:34) [GET]
  [4;36;1mProduct Load (0.8ms)[0m   [0;1mSELECT * FROM `products` ORDER BY title[0m
Rendering template within layouts/store
Rendering store/index
  [4;35;1mProduct Columns (2.0ms)[0m   [0mSHOW FIELDS FROM `products`[0m
Completed in 38ms (View: 24, DB: 3) | 200 OK [http://0.0.0.0/store]
  [4;36;1mSQL (0.2ms)[0m   [0;1mSET NAMES 'utf8'[0m
  [4;35;1mSQL (0.2ms)[0m   [0mSET SQL_AUTO_IS_NULL=0[0m


Processing StoreController#index (for 127.0.0.1 at 2010-01-31 20:56:23) [GET]
  [4;36;1mProduct Load (0.8ms)[0m   [0;1mSELECT * FROM `products` ORDER BY title[0m
Rendering template within layouts/store
Rendering store/index
  [4;35;1mProduct Columns (1.3ms)[0m   [0mSHOW FIELDS FROM `products`[0m
Completed in 39ms (View: 25, DB: 3) | 200 OK [http://0.0.0.0/store]
  [4;36;1mSQL (0.2ms)[0m   [0;1mSET NAMES 'utf8'[0m
  [4;35;1mSQL (0.1ms)[0m   [0mSET SQL_AUTO_IS_NULL=0[0m


Processing StoreController#index (for 127.0.0.1 at 2010-01-31 20:57:05) [GET]
  [4;36;1mProduct Load (0.8ms)[0m   [0;1mSELECT * FROM `products` ORDER BY title[0m
Rendering template within layouts/store
Rendering store/index
  [4;35;1mProduct Columns (1.3ms)[0m   [0mSHOW FIELDS FROM `products`[0m
Completed in 31ms (View: 19, DB: 2) | 200 OK [http://0.0.0.0/store]
  [4;36;1mSQL (0.1ms)[0m   [0;1mSET NAMES 'utf8'[0m
  [4;35;1mSQL (0.1ms)[0m   [0mSET SQL_AUTO_IS_NULL=0[0m


Processing StoreController#index (for 127.0.0.1 at 2010-01-31 20:58:33) [POST]
  Parameters: {"authenticity_token"=>"upaSYnWU26IBxKbV5wvXPj6JyWetykP4d+K2peXAGW0="}
  [4;36;1mProduct Load (0.2ms)[0m   [0;1mSELECT * FROM `products` ORDER BY title[0m
Rendering template within layouts/store
Rendering store/index
  [4;35;1mProduct Columns (1.2ms)[0m   [0mSHOW FIELDS FROM `products`[0m
Completed in 46ms (View: 33, DB: 2) | 200 OK [http://0.0.0.0/store]
  [4;36;1mSQL (0.2ms)[0m   [0;1mSET NAMES 'utf8'[0m
  [4;35;1mSQL (0.1ms)[0m   [0mSET SQL_AUTO_IS_NULL=0[0m


Processing StoreController#index (for 127.0.0.1 at 2010-01-31 20:58:35) [POST]
  Parameters: {"authenticity_token"=>"upaSYnWU26IBxKbV5wvXPj6JyWetykP4d+K2peXAGW0="}
  [4;36;1mProduct Load (14.3ms)[0m   [0;1mSELECT * FROM `products` ORDER BY title[0m
Rendering template within layouts/store
Rendering store/index
  [4;35;1mProduct Columns (1.3ms)[0m   [0mSHOW FIELDS FROM `products`[0m
Completed in 44ms (View: 17, DB: 16) | 200 OK [http://0.0.0.0/store]
  [4;36;1mSQL (0.2ms)[0m   [0;1mSET NAMES 'utf8'[0m
  [4;35;1mSQL (0.2ms)[0m   [0mSET SQL_AUTO_IS_NULL=0[0m


Processing StoreController#index (for 127.0.0.1 at 2010-01-31 20:58:36) [POST]
  Parameters: {"authenticity_token"=>"upaSYnWU26IBxKbV5wvXPj6JyWetykP4d+K2peXAGW0="}
  [4;36;1mProduct Load (0.2ms)[0m   [0;1mSELECT * FROM `products` ORDER BY title[0m
Rendering template within layouts/store
Rendering store/index
  [4;35;1mProduct Columns (1.8ms)[0m   [0mSHOW FIELDS FROM `products`[0m
Completed in 33ms (View: 16, DB: 2) | 200 OK [http://0.0.0.0/store]
  [4;36;1mSQL (0.1ms)[0m   [0;1mSET NAMES 'utf8'[0m
  [4;35;1mSQL (0.1ms)[0m   [0mSET SQL_AUTO_IS_NULL=0[0m


Processing StoreController#index (for 127.0.0.1 at 2010-01-31 20:58:37) [POST]
  Parameters: {"authenticity_token"=>"upaSYnWU26IBxKbV5wvXPj6JyWetykP4d+K2peXAGW0="}
  [4;36;1mProduct Load (3.9ms)[0m   [0;1mSELECT * FROM `products` ORDER BY title[0m
Rendering template within layouts/store
Rendering store/index
  [4;35;1mProduct Columns (1.3ms)[0m   [0mSHOW FIELDS FROM `products`[0m
Completed in 32ms (View: 16, DB: 5) | 200 OK [http://0.0.0.0/store]
  [4;36;1mSQL (0.1ms)[0m   [0;1mSET NAMES 'utf8'[0m
  [4;35;1mSQL (0.1ms)[0m   [0mSET SQL_AUTO_IS_NULL=0[0m


Processing StoreController#index (for 127.0.0.1 at 2010-01-31 20:58:37) [POST]
  Parameters: {"authenticity_token"=>"upaSYnWU26IBxKbV5wvXPj6JyWetykP4d+K2peXAGW0="}
  [4;36;1mProduct Load (3.8ms)[0m   [0;1mSELECT * FROM `products` ORDER BY title[0m
Rendering template within layouts/store
Rendering store/index
  [4;35;1mProduct Columns (1.2ms)[0m   [0mSHOW FIELDS FROM `products`[0m
Completed in 32ms (View: 16, DB: 5) | 200 OK [http://0.0.0.0/store]
  [4;36;1mSQL (0.2ms)[0m   [0;1mSET NAMES 'utf8'[0m
  [4;35;1mSQL (0.1ms)[0m   [0mSET SQL_AUTO_IS_NULL=0[0m


Processing StoreController#index (for 127.0.0.1 at 2010-01-31 20:58:38) [POST]
  Parameters: {"authenticity_token"=>"upaSYnWU26IBxKbV5wvXPj6JyWetykP4d+K2peXAGW0="}
  [4;36;1mProduct Load (0.2ms)[0m   [0;1mSELECT * FROM `products` ORDER BY title[0m
Rendering template within layouts/store
Rendering store/index
  [4;35;1mProduct Columns (1.3ms)[0m   [0mSHOW FIELDS FROM `products`[0m
Completed in 129ms (View: 17, DB: 2) | 200 OK [http://0.0.0.0/store]
  [4;36;1mSQL (0.1ms)[0m   [0;1mSET NAMES 'utf8'[0m
  [4;35;1mSQL (0.1ms)[0m   [0mSET SQL_AUTO_IS_NULL=0[0m


Processing StoreController#index (for 127.0.0.1 at 2010-01-31 20:58:39) [POST]
  Parameters: {"authenticity_token"=>"upaSYnWU26IBxKbV5wvXPj6JyWetykP4d+K2peXAGW0="}
  [4;36;1mProduct Load (0.2ms)[0m   [0;1mSELECT * FROM `products` ORDER BY title[0m
Rendering template within layouts/store
Rendering store/index
  [4;35;1mProduct Columns (1.3ms)[0m   [0mSHOW FIELDS FROM `products`[0m
Completed in 30ms (View: 16, DB: 2) | 200 OK [http://0.0.0.0/store]
  [4;36;1mSQL (0.2ms)[0m   [0;1mSET NAMES 'utf8'[0m
  [4;35;1mSQL (0.1ms)[0m   [0mSET SQL_AUTO_IS_NULL=0[0m


Processing StoreController#index (for 127.0.0.1 at 2010-01-31 20:58:40) [POST]
  Parameters: {"authenticity_token"=>"upaSYnWU26IBxKbV5wvXPj6JyWetykP4d+K2peXAGW0="}
  [4;36;1mProduct Load (0.2ms)[0m   [0;1mSELECT * FROM `products` ORDER BY title[0m
Rendering template within layouts/store
Rendering store/index
  [4;35;1mProduct Columns (1.2ms)[0m   [0mSHOW FIELDS FROM `products`[0m
Completed in 36ms (View: 17, DB: 2) | 200 OK [http://0.0.0.0/store]
  [4;36;1mSQL (0.1ms)[0m   [0;1mSET NAMES 'utf8'[0m
  [4;35;1mSQL (0.1ms)[0m   [0mSET SQL_AUTO_IS_NULL=0[0m


Processing StoreController#index (for 127.0.0.1 at 2010-01-31 21:17:57) [GET]
  [4;36;1mProduct Load (0.2ms)[0m   [0;1mSELECT * FROM `products` ORDER BY title[0m
Rendering template within layouts/store
Rendering store/index
  [4;35;1mProduct Columns (1.2ms)[0m   [0mSHOW FIELDS FROM `products`[0m
Completed in 38ms (View: 27, DB: 2) | 200 OK [http://0.0.0.0/store]
  [4;36;1mSQL (0.1ms)[0m   [0;1mSET NAMES 'utf8'[0m
  [4;35;1mSQL (0.1ms)[0m   [0mSET SQL_AUTO_IS_NULL=0[0m


Processing StoreController#index (for 127.0.0.1 at 2010-01-31 21:26:25) [GET]
  [4;36;1mProduct Load (0.2ms)[0m   [0;1mSELECT * FROM `products` ORDER BY title[0m
Rendering template within layouts/store
Rendering store/index
  [4;35;1mProduct Columns (1.4ms)[0m   [0mSHOW FIELDS FROM `products`[0m
Completed in 84ms (View: 71, DB: 2) | 200 OK [http://0.0.0.0/store]
